  Camera.cpp
  GUItextRectangle.cpp
  Light.cpp
D:\Разное\СТАНКИН 2 курс\2 семестр\Комп. графика\KGlabs-master\Курсач\The Space Explorer\KGlab\Light.cpp(151,21): warning C4305: инициализация: усечение из "double" в "GLfloat"
D:\Разное\СТАНКИН 2 курс\2 семестр\Комп. графика\KGlabs-master\Курсач\The Space Explorer\KGlab\Light.cpp(151,26): warning C4305: инициализация: усечение из "double" в "GLfloat"
D:\Разное\СТАНКИН 2 курс\2 семестр\Комп. графика\KGlabs-master\Курсач\The Space Explorer\KGlab\Light.cpp(151,31): warning C4305: инициализация: усечение из "double" в "GLfloat"
D:\Разное\СТАНКИН 2 курс\2 семестр\Комп. графика\KGlabs-master\Курсач\The Space Explorer\KGlab\Light.cpp(153,21): warning C4305: инициализация: усечение из "double" в "GLfloat"
D:\Разное\СТАНКИН 2 курс\2 семестр\Комп. графика\KGlabs-master\Курсач\The Space Explorer\KGlab\Light.cpp(153,26): warning C4305: инициализация: усечение из "double" в "GLfloat"
D:\Разное\СТАНКИН 2 курс\2 семестр\Комп. графика\KGlabs-master\Курсач\The Space Explorer\KGlab\Light.cpp(153,31): warning C4305: инициализация: усечение из "double" в "GLfloat"
D:\Разное\СТАНКИН 2 курс\2 семестр\Комп. графика\KGlabs-master\Курсач\The Space Explorer\KGlab\Light.cpp(157,26): warning C4838: Преобразование из "double" в "GLfloat" требует сужающего преобразования.
D:\Разное\СТАНКИН 2 курс\2 семестр\Комп. графика\KGlabs-master\Курсач\The Space Explorer\KGlab\Light.cpp(157,26): warning C4244: инициализация: преобразование "double" в "GLfloat", возможна потеря данных
D:\Разное\СТАНКИН 2 курс\2 семестр\Комп. графика\KGlabs-master\Курсач\The Space Explorer\KGlab\Light.cpp(157,32): warning C4838: Преобразование из "double" в "GLfloat" требует сужающего преобразования.
D:\Разное\СТАНКИН 2 курс\2 семестр\Комп. графика\KGlabs-master\Курсач\The Space Explorer\KGlab\Light.cpp(157,32): warning C4244: инициализация: преобразование "double" в "GLfloat", возможна потеря данных
D:\Разное\СТАНКИН 2 курс\2 семестр\Комп. графика\KGlabs-master\Курсач\The Space Explorer\KGlab\Light.cpp(157,38): warning C4838: Преобразование из "double" в "GLfloat" требует сужающего преобразования.
D:\Разное\СТАНКИН 2 курс\2 семестр\Комп. графика\KGlabs-master\Курсач\The Space Explorer\KGlab\Light.cpp(157,38): warning C4244: инициализация: преобразование "double" в "GLfloat", возможна потеря данных
  main.cpp
  MyOGL.cpp
D:\Разное\СТАНКИН 2 курс\2 семестр\Комп. графика\KGlabs-master\Курсач\The Space Explorer\KGlab\MyOGL.cpp(170,16): warning C4244: аргумент: преобразование "WPARAM" в "int", возможна потеря данных
D:\Разное\СТАНКИН 2 курс\2 семестр\Комп. графика\KGlabs-master\Курсач\The Space Explorer\KGlab\MyOGL.cpp(173,18): warning C4244: аргумент: преобразование "WPARAM" в "int", возможна потеря данных
  Render.cpp
D:\Разное\СТАНКИН 2 курс\2 семестр\Комп. графика\KGlabs-master\Курсач\The Space Explorer\KGlab\glext.h(37,10): warning C4067: непредвиденные лексемы за директивой препроцессора, требуется newline
  (компиляция исходного файла "Render.cpp")
  
D:\Разное\СТАНКИН 2 курс\2 семестр\Комп. графика\KGlabs-master\Курсач\The Space Explorer\KGlab\Render.cpp(892,20): warning C4305: аргумент: усечение из "double" в "GLfloat"
D:\Разное\СТАНКИН 2 курс\2 семестр\Комп. графика\KGlabs-master\Курсач\The Space Explorer\KGlab\Render.cpp(894,26): warning C4305: аргумент: усечение из "double" в "GLfloat"
D:\Разное\СТАНКИН 2 курс\2 семестр\Комп. графика\KGlabs-master\Курсач\The Space Explorer\KGlab\Render.cpp(894,20): warning C4305: аргумент: усечение из "double" в "GLfloat"
D:\Разное\СТАНКИН 2 курс\2 семестр\Комп. графика\KGlabs-master\Курсач\The Space Explorer\KGlab\Render.cpp(896,26): warning C4305: аргумент: усечение из "double" в "GLfloat"
D:\Разное\СТАНКИН 2 курс\2 семестр\Комп. графика\KGlabs-master\Курсач\The Space Explorer\KGlab\Render.cpp(896,20): warning C4305: аргумент: усечение из "double" в "GLfloat"
D:\Разное\СТАНКИН 2 курс\2 семестр\Комп. графика\KGlabs-master\Курсач\The Space Explorer\KGlab\Render.cpp(898,20): warning C4305: аргумент: усечение из "double" в "GLfloat"
D:\Разное\СТАНКИН 2 курс\2 семестр\Комп. графика\KGlabs-master\Курсач\The Space Explorer\KGlab\Render.cpp(924,20): warning C4305: аргумент: усечение из "double" в "GLfloat"
D:\Разное\СТАНКИН 2 курс\2 семестр\Комп. графика\KGlabs-master\Курсач\The Space Explorer\KGlab\Render.cpp(926,26): warning C4305: аргумент: усечение из "double" в "GLfloat"
D:\Разное\СТАНКИН 2 курс\2 семестр\Комп. графика\KGlabs-master\Курсач\The Space Explorer\KGlab\Render.cpp(926,20): warning C4305: аргумент: усечение из "double" в "GLfloat"
D:\Разное\СТАНКИН 2 курс\2 семестр\Комп. графика\KGlabs-master\Курсач\The Space Explorer\KGlab\Render.cpp(928,26): warning C4305: аргумент: усечение из "double" в "GLfloat"
D:\Разное\СТАНКИН 2 курс\2 семестр\Комп. графика\KGlabs-master\Курсач\The Space Explorer\KGlab\Render.cpp(928,20): warning C4305: аргумент: усечение из "double" в "GLfloat"
D:\Разное\СТАНКИН 2 курс\2 семестр\Комп. графика\KGlabs-master\Курсач\The Space Explorer\KGlab\Render.cpp(930,20): warning C4305: аргумент: усечение из "double" в "GLfloat"
D:\Разное\СТАНКИН 2 курс\2 семестр\Комп. графика\KGlabs-master\Курсач\The Space Explorer\KGlab\Render.cpp(957,25): warning C4305: аргумент: усечение из "double" в "GLfloat"
D:\Разное\СТАНКИН 2 курс\2 семестр\Комп. графика\KGlabs-master\Курсач\The Space Explorer\KGlab\Render.cpp(959,26): warning C4305: аргумент: усечение из "double" в "GLfloat"
D:\Разное\СТАНКИН 2 курс\2 семестр\Комп. графика\KGlabs-master\Курсач\The Space Explorer\KGlab\Render.cpp(959,20): warning C4305: аргумент: усечение из "double" в "GLfloat"
D:\Разное\СТАНКИН 2 курс\2 семестр\Комп. графика\KGlabs-master\Курсач\The Space Explorer\KGlab\Render.cpp(961,20): warning C4305: аргумент: усечение из "double" в "GLfloat"
D:\Разное\СТАНКИН 2 курс\2 семестр\Комп. графика\KGlabs-master\Курсач\The Space Explorer\KGlab\Render.cpp(1034,21): warning C4305: аргумент: усечение из "double" в "GLfloat"
D:\Разное\СТАНКИН 2 курс\2 семестр\Комп. графика\KGlabs-master\Курсач\The Space Explorer\KGlab\Render.cpp(1036,21): warning C4305: аргумент: усечение из "double" в "GLfloat"
D:\Разное\СТАНКИН 2 курс\2 семестр\Комп. графика\KGlabs-master\Курсач\The Space Explorer\KGlab\Render.cpp(1036,16): warning C4305: аргумент: усечение из "double" в "GLfloat"
D:\Разное\СТАНКИН 2 курс\2 семестр\Комп. графика\KGlabs-master\Курсач\The Space Explorer\KGlab\Render.cpp(1038,16): warning C4305: аргумент: усечение из "double" в "GLfloat"
D:\Разное\СТАНКИН 2 курс\2 семестр\Комп. графика\KGlabs-master\Курсач\The Space Explorer\KGlab\Render.cpp(1121,22): warning C4244: +=: преобразование "double" в "float", возможна потеря данных
D:\Разное\СТАНКИН 2 курс\2 семестр\Комп. графика\KGlabs-master\Курсач\The Space Explorer\KGlab\Render.cpp(1136,56): warning C4244: +=: преобразование "double" в "float", возможна потеря данных
D:\Разное\СТАНКИН 2 курс\2 семестр\Комп. графика\KGlabs-master\Курсач\The Space Explorer\KGlab\Render.cpp(1137,56): warning C4244: +=: преобразование "double" в "float", возможна потеря данных
D:\Разное\СТАНКИН 2 курс\2 семестр\Комп. графика\KGlabs-master\Курсач\The Space Explorer\KGlab\Render.cpp(1138,56): warning C4244: +=: преобразование "double" в "float", возможна потеря данных
D:\Разное\СТАНКИН 2 курс\2 семестр\Комп. графика\KGlabs-master\Курсач\The Space Explorer\KGlab\Render.cpp(1139,56): warning C4244: +=: преобразование "double" в "float", возможна потеря данных
D:\Разное\СТАНКИН 2 курс\2 семестр\Комп. графика\KGlabs-master\Курсач\The Space Explorer\KGlab\Render.cpp(1140,56): warning C4244: +=: преобразование "double" в "float", возможна потеря данных
D:\Разное\СТАНКИН 2 курс\2 семестр\Комп. графика\KGlabs-master\Курсач\The Space Explorer\KGlab\Render.cpp(1275,28): warning C4267: аргумент: преобразование из "size_t" в "int"; возможна потеря данных
D:\Разное\СТАНКИН 2 курс\2 семестр\Комп. графика\KGlabs-master\Курсач\The Space Explorer\KGlab\Render.cpp(1288,41): warning C4244: =: преобразование "double" в "_Ty", возможна потеря данных
D:\Разное\СТАНКИН 2 курс\2 семестр\Комп. графика\KGlabs-master\Курсач\The Space Explorer\KGlab\Render.cpp(1288,41): warning C4244:         with
D:\Разное\СТАНКИН 2 курс\2 семестр\Комп. графика\KGlabs-master\Курсач\The Space Explorer\KGlab\Render.cpp(1288,41): warning C4244:         [
D:\Разное\СТАНКИН 2 курс\2 семестр\Комп. графика\KGlabs-master\Курсач\The Space Explorer\KGlab\Render.cpp(1288,41): warning C4244:             _Ty=float
D:\Разное\СТАНКИН 2 курс\2 семестр\Комп. графика\KGlabs-master\Курсач\The Space Explorer\KGlab\Render.cpp(1288,41): warning C4244:         ]
D:\Разное\СТАНКИН 2 курс\2 семестр\Комп. графика\KGlabs-master\Курсач\The Space Explorer\KGlab\Render.cpp(1289,37): warning C4244: =: преобразование "double" в "_Ty", возможна потеря данных
D:\Разное\СТАНКИН 2 курс\2 семестр\Комп. графика\KGlabs-master\Курсач\The Space Explorer\KGlab\Render.cpp(1289,37): warning C4244:         with
D:\Разное\СТАНКИН 2 курс\2 семестр\Комп. графика\KGlabs-master\Курсач\The Space Explorer\KGlab\Render.cpp(1289,37): warning C4244:         [
D:\Разное\СТАНКИН 2 курс\2 семестр\Комп. графика\KGlabs-master\Курсач\The Space Explorer\KGlab\Render.cpp(1289,37): warning C4244:             _Ty=float
D:\Разное\СТАНКИН 2 курс\2 семестр\Комп. графика\KGlabs-master\Курсач\The Space Explorer\KGlab\Render.cpp(1289,37): warning C4244:         ]
D:\Разное\СТАНКИН 2 курс\2 семестр\Комп. графика\KGlabs-master\Курсач\The Space Explorer\KGlab\Render.cpp(1290,42): warning C4267: =: преобразование из "size_t" в "int"; возможна потеря данных
D:\Разное\СТАНКИН 2 курс\2 семестр\Комп. графика\KGlabs-master\Курсач\The Space Explorer\KGlab\Render.cpp(1300,61): warning C4244: =: преобразование "double" в "_Ty", возможна потеря данных
D:\Разное\СТАНКИН 2 курс\2 семестр\Комп. графика\KGlabs-master\Курсач\The Space Explorer\KGlab\Render.cpp(1300,61): warning C4244:         with
D:\Разное\СТАНКИН 2 курс\2 семестр\Комп. графика\KGlabs-master\Курсач\The Space Explorer\KGlab\Render.cpp(1300,61): warning C4244:         [
D:\Разное\СТАНКИН 2 курс\2 семестр\Комп. графика\KGlabs-master\Курсач\The Space Explorer\KGlab\Render.cpp(1300,61): warning C4244:             _Ty=float
D:\Разное\СТАНКИН 2 курс\2 семестр\Комп. графика\KGlabs-master\Курсач\The Space Explorer\KGlab\Render.cpp(1300,61): warning C4244:         ]
  Создание кода...
  KGlab.vcxproj -> D:\Разное\СТАНКИН 2 курс\2 семестр\Комп. графика\KGlabs-master\Курсач\The Space Explorer\x64\Debug\KGlab.exe
